Classic Timing Analyzer report for mef
Sat Jun 04 01:21:05 2016
Quartus II Version 9.1 Build 350 03/24/2010 Service Pack 2 SJ Web Edition


---------------------
; Table of Contents ;
---------------------
  1. Legal Notice
  2. Timing Analyzer Summary
  3. Timing Analyzer Settings
  4. Clock Settings Summary
  5. Parallel Compilation
  6. Clock Setup: 'clk'
  7. tsu
  8. tco
  9. tpd
 10. th
 11. Timing Analyzer Messages



----------------
; Legal Notice ;
----------------
Copyright (C) 1991-2010 Altera Corporation
Your use of Altera Corporation's design tools, logic functions 
and other software and tools, and its AMPP partner logic 
functions, and any output files from any of the foregoing 
(including device programming or simulation files), and any 
associated documentation or information are expressly subject 
to the terms and conditions of the Altera Program License 
Subscription Agreement, Altera MegaCore Function License 
Agreement, or other applicable license agreement, including, 
without limitation, that your use is for the sole purpose of 
programming logic devices manufactured by Altera and sold by 
Altera or its authorized distributors.  Please refer to the 
applicable agreement for further details.



+--------------------------------------------------------------------------------------------------------------------------------------------------------------------------------------+
; Timing Analyzer Summary                                                                                                                                                              ;
+------------------------------+-------+---------------+------------------------------------------------+-------------------+-------------------+------------+----------+--------------+
; Type                         ; Slack ; Required Time ; Actual Time                                    ; From              ; To                ; From Clock ; To Clock ; Failed Paths ;
+------------------------------+-------+---------------+------------------------------------------------+-------------------+-------------------+------------+----------+--------------+
; Worst-case tsu               ; N/A   ; None          ; 2.839 ns                                       ; S7                ; flip_flop_d:ff0|q ; --         ; clk      ; 0            ;
; Worst-case tco               ; N/A   ; None          ; 7.315 ns                                       ; flip_flop_d:ff0|q ; outaux[0]         ; clk        ; --       ; 0            ;
; Worst-case tpd               ; N/A   ; None          ; 8.485 ns                                       ; S3                ; clc               ; --         ; --       ; 0            ;
; Worst-case th                ; N/A   ; None          ; -2.359 ns                                      ; S3                ; flip_flop_d:ff1|q ; --         ; clk      ; 0            ;
; Clock Setup: 'clk'           ; N/A   ; None          ; Restricted to 500.00 MHz ( period = 2.000 ns ) ; flip_flop_d:ff1|q ; flip_flop_d:ff0|q ; clk        ; clk      ; 0            ;
; Total number of failed paths ;       ;               ;                                                ;                   ;                   ;            ;          ; 0            ;
+------------------------------+-------+---------------+------------------------------------------------+-------------------+-------------------+------------+----------+--------------+


+-----------------------------------------------------------------------------------------------------------------------------------------------------+
; Timing Analyzer Settings                                                                                                                            ;
+------------------------------------------------------------------------------------------------------+--------------------+------+----+-------------+
; Option                                                                                               ; Setting            ; From ; To ; Entity Name ;
+------------------------------------------------------------------------------------------------------+--------------------+------+----+-------------+
; Device Name                                                                                          ; EP2S15F484C3       ;      ;    ;             ;
; Timing Models                                                                                        ; Final              ;      ;    ;             ;
; Default hold multicycle                                                                              ; Same as Multicycle ;      ;    ;             ;
; Cut paths between unrelated clock domains                                                            ; On                 ;      ;    ;             ;
; Cut off read during write signal paths                                                               ; On                 ;      ;    ;             ;
; Cut off feedback from I/O pins                                                                       ; On                 ;      ;    ;             ;
; Report Combined Fast/Slow Timing                                                                     ; Off                ;      ;    ;             ;
; Ignore Clock Settings                                                                                ; Off                ;      ;    ;             ;
; Analyze latches as synchronous elements                                                              ; On                 ;      ;    ;             ;
; Enable Recovery/Removal analysis                                                                     ; Off                ;      ;    ;             ;
; Enable Clock Latency                                                                                 ; Off                ;      ;    ;             ;
; Use TimeQuest Timing Analyzer                                                                        ; Off                ;      ;    ;             ;
; Number of source nodes to report per destination node                                                ; 10                 ;      ;    ;             ;
; Number of destination nodes to report                                                                ; 10                 ;      ;    ;             ;
; Number of paths to report                                                                            ; 200                ;      ;    ;             ;
; Report Minimum Timing Checks                                                                         ; Off                ;      ;    ;             ;
; Use Fast Timing Models                                                                               ; Off                ;      ;    ;             ;
; Report IO Paths Separately                                                                           ; Off                ;      ;    ;             ;
; Perform Multicorner Analysis                                                                         ; On                 ;      ;    ;             ;
; Reports the worst-case path for each clock domain and analysis                                       ; Off                ;      ;    ;             ;
; Reports worst-case timing paths for each clock domain and analysis                                   ; Off                ;      ;    ;             ;
; Specifies the maximum number of worst-case timing paths to report for each clock domain and analysis ; 100                ;      ;    ;             ;
; Removes common clock path pessimism (CCPP) during slack computation                                  ; Off                ;      ;    ;             ;
; Output I/O Timing Endpoint                                                                           ; Near End           ;      ;    ;             ;
+------------------------------------------------------------------------------------------------------+--------------------+------+----+-------------+


+------------------------------------------------------------------------------------------------------------------------------------------------------------------------------------+
; Clock Settings Summary                                                                                                                                                             ;
+-----------------+--------------------+----------+------------------+---------------+--------------+----------+-----------------------+---------------------+--------+--------------+
; Clock Node Name ; Clock Setting Name ; Type     ; Fmax Requirement ; Early Latency ; Late Latency ; Based on ; Multiply Base Fmax by ; Divide Base Fmax by ; Offset ; Phase offset ;
+-----------------+--------------------+----------+------------------+---------------+--------------+----------+-----------------------+---------------------+--------+--------------+
; clk             ;                    ; User Pin ; None             ; 0.000 ns      ; 0.000 ns     ; --       ; N/A                   ; N/A                 ; N/A    ;              ;
+-----------------+--------------------+----------+------------------+---------------+--------------+----------+-----------------------+---------------------+--------+--------------+


Parallel compilation was disabled, but you have multiple processors available. Enable parallel compilation to reduce compilation time.
+-------------------------------------+
; Parallel Compilation                ;
+----------------------------+--------+
; Processors                 ; Number ;
+----------------------------+--------+
; Number detected on machine ; 2      ;
; Maximum allowed            ; 1      ;
+----------------------------+--------+


+------------------------------------------------------------------------------------------------------------------------------------------------------------------------------------------------------------+
; Clock Setup: 'clk'                                                                                                                                                                                         ;
+-------+------------------------------------------------+-------------------+-------------------+------------+----------+-----------------------------+---------------------------+-------------------------+
; Slack ; Actual fmax (period)                           ; From              ; To                ; From Clock ; To Clock ; Required Setup Relationship ; Required Longest P2P Time ; Actual Longest P2P Time ;
+-------+------------------------------------------------+-------------------+-------------------+------------+----------+-----------------------------+---------------------------+-------------------------+
; N/A   ; Restricted to 500.00 MHz ( period = 2.000 ns ) ; flip_flop_d:ff1|q ; flip_flop_d:ff0|q ; clk        ; clk      ; None                        ; None                      ; 0.445 ns                ;
; N/A   ; Restricted to 500.00 MHz ( period = 2.000 ns ) ; flip_flop_d:ff0|q ; flip_flop_d:ff1|q ; clk        ; clk      ; None                        ; None                      ; 0.432 ns                ;
; N/A   ; Restricted to 500.00 MHz ( period = 2.000 ns ) ; flip_flop_d:ff1|q ; flip_flop_d:ff1|q ; clk        ; clk      ; None                        ; None                      ; 0.396 ns                ;
; N/A   ; Restricted to 500.00 MHz ( period = 2.000 ns ) ; flip_flop_d:ff0|q ; flip_flop_d:ff0|q ; clk        ; clk      ; None                        ; None                      ; 0.396 ns                ;
+-------+------------------------------------------------+-------------------+-------------------+------------+----------+-----------------------------+---------------------------+-------------------------+


+-------------------------------------------------------------------------+
; tsu                                                                     ;
+-------+--------------+------------+------+-------------------+----------+
; Slack ; Required tsu ; Actual tsu ; From ; To                ; To Clock ;
+-------+--------------+------------+------+-------------------+----------+
; N/A   ; None         ; 2.839 ns   ; S7   ; flip_flop_d:ff0|q ; clk      ;
; N/A   ; None         ; 2.730 ns   ; S7   ; flip_flop_d:ff1|q ; clk      ;
; N/A   ; None         ; 2.722 ns   ; S3   ; flip_flop_d:ff0|q ; clk      ;
; N/A   ; None         ; 2.705 ns   ; temp ; flip_flop_d:ff1|q ; clk      ;
; N/A   ; None         ; 2.603 ns   ; temp ; flip_flop_d:ff0|q ; clk      ;
; N/A   ; None         ; 2.598 ns   ; S3   ; flip_flop_d:ff1|q ; clk      ;
+-------+--------------+------------+------+-------------------+----------+


+--------------------------------------------------------------------------------+
; tco                                                                            ;
+-------+--------------+------------+-------------------+-----------+------------+
; Slack ; Required tco ; Actual tco ; From              ; To        ; From Clock ;
+-------+--------------+------------+-------------------+-----------+------------+
; N/A   ; None         ; 7.315 ns   ; flip_flop_d:ff0|q ; outaux[0] ; clk        ;
; N/A   ; None         ; 6.964 ns   ; flip_flop_d:ff1|q ; outaux[1] ; clk        ;
; N/A   ; None         ; 6.964 ns   ; flip_flop_d:ff1|q ; z         ; clk        ;
; N/A   ; None         ; 6.741 ns   ; flip_flop_d:ff1|q ; clc       ; clk        ;
; N/A   ; None         ; 6.630 ns   ; flip_flop_d:ff0|q ; clc       ; clk        ;
+-------+--------------+------------+-------------------+-----------+------------+


+----------------------------------------------------------+
; tpd                                                      ;
+-------+-------------------+-----------------+------+-----+
; Slack ; Required P2P Time ; Actual P2P Time ; From ; To  ;
+-------+-------------------+-----------------+------+-----+
; N/A   ; None              ; 8.485 ns        ; S3   ; clc ;
; N/A   ; None              ; 8.253 ns        ; S7   ; clc ;
+-------+-------------------+-----------------+------+-----+


+-------------------------------------------------------------------------------+
; th                                                                            ;
+---------------+-------------+-----------+------+-------------------+----------+
; Minimum Slack ; Required th ; Actual th ; From ; To                ; To Clock ;
+---------------+-------------+-----------+------+-------------------+----------+
; N/A           ; None        ; -2.359 ns ; S3   ; flip_flop_d:ff1|q ; clk      ;
; N/A           ; None        ; -2.364 ns ; temp ; flip_flop_d:ff0|q ; clk      ;
; N/A           ; None        ; -2.466 ns ; temp ; flip_flop_d:ff1|q ; clk      ;
; N/A           ; None        ; -2.483 ns ; S3   ; flip_flop_d:ff0|q ; clk      ;
; N/A           ; None        ; -2.491 ns ; S7   ; flip_flop_d:ff1|q ; clk      ;
; N/A           ; None        ; -2.600 ns ; S7   ; flip_flop_d:ff0|q ; clk      ;
+---------------+-------------+-----------+------+-------------------+----------+


+--------------------------+
; Timing Analyzer Messages ;
+--------------------------+
Info: *******************************************************************
Info: Running Quartus II Classic Timing Analyzer
    Info: Version 9.1 Build 350 03/24/2010 Service Pack 2 SJ Web Edition
    Info: Processing started: Sat Jun 04 01:21:05 2016
Info: Command: quartus_tan --read_settings_files=off --write_settings_files=off mef -c mef --timing_analysis_only
Warning: Found pins functioning as undefined clocks and/or memory enables
    Info: Assuming node "clk" is an undefined clock
Info: Clock "clk" Internal fmax is restricted to 500.0 MHz between source register "flip_flop_d:ff1|q" and destination register "flip_flop_d:ff0|q"
    Info: fmax restricted to clock pin edge rate 2.0 ns. Expand message to see actual delay path.
        Info: + Longest register to register delay is 0.445 ns
            Info: 1: + IC(0.000 ns) + CELL(0.000 ns) = 0.000 ns; Loc. = LCFF_X23_Y1_N1; Fanout = 5; REG Node = 'flip_flop_d:ff1|q'
            Info: 2: + IC(0.237 ns) + CELL(0.053 ns) = 0.290 ns; Loc. = LCCOMB_X23_Y1_N20; Fanout = 1; COMB Node = 'd0~0'
            Info: 3: + IC(0.000 ns) + CELL(0.155 ns) = 0.445 ns; Loc. = LCFF_X23_Y1_N21; Fanout = 4; REG Node = 'flip_flop_d:ff0|q'
            Info: Total cell delay = 0.208 ns ( 46.74 % )
            Info: Total interconnect delay = 0.237 ns ( 53.26 % )
        Info: - Smallest clock skew is 0.000 ns
            Info: + Shortest clock path from clock "clk" to destination register is 2.492 ns
                Info: 1: + IC(0.000 ns) + CELL(0.854 ns) = 0.854 ns; Loc. = PIN_N20; Fanout = 1; CLK Node = 'clk'
                Info: 2: + IC(0.343 ns) + CELL(0.000 ns) = 1.197 ns; Loc. = CLKCTRL_G3; Fanout = 2; COMB Node = 'clk~clkctrl'
                Info: 3: + IC(0.677 ns) + CELL(0.618 ns) = 2.492 ns; Loc. = LCFF_X23_Y1_N21; Fanout = 4; REG Node = 'flip_flop_d:ff0|q'
                Info: Total cell delay = 1.472 ns ( 59.07 % )
                Info: Total interconnect delay = 1.020 ns ( 40.93 % )
            Info: - Longest clock path from clock "clk" to source register is 2.492 ns
                Info: 1: + IC(0.000 ns) + CELL(0.854 ns) = 0.854 ns; Loc. = PIN_N20; Fanout = 1; CLK Node = 'clk'
                Info: 2: + IC(0.343 ns) + CELL(0.000 ns) = 1.197 ns; Loc. = CLKCTRL_G3; Fanout = 2; COMB Node = 'clk~clkctrl'
                Info: 3: + IC(0.677 ns) + CELL(0.618 ns) = 2.492 ns; Loc. = LCFF_X23_Y1_N1; Fanout = 5; REG Node = 'flip_flop_d:ff1|q'
                Info: Total cell delay = 1.472 ns ( 59.07 % )
                Info: Total interconnect delay = 1.020 ns ( 40.93 % )
        Info: + Micro clock to output delay of source is 0.094 ns
        Info: + Micro setup delay of destination is 0.090 ns
Info: tsu for register "flip_flop_d:ff0|q" (data pin = "S7", clock pin = "clk") is 2.839 ns
    Info: + Longest pin to register delay is 5.241 ns
        Info: 1: + IC(0.000 ns) + CELL(0.772 ns) = 0.772 ns; Loc. = PIN_Y9; Fanout = 3; PIN Node = 'S7'
        Info: 2: + IC(3.957 ns) + CELL(0.357 ns) = 5.086 ns; Loc. = LCCOMB_X23_Y1_N20; Fanout = 1; COMB Node = 'd0~0'
        Info: 3: + IC(0.000 ns) + CELL(0.155 ns) = 5.241 ns; Loc. = LCFF_X23_Y1_N21; Fanout = 4; REG Node = 'flip_flop_d:ff0|q'
        Info: Total cell delay = 1.284 ns ( 24.50 % )
        Info: Total interconnect delay = 3.957 ns ( 75.50 % )
    Info: + Micro setup delay of destination is 0.090 ns
    Info: - Shortest clock path from clock "clk" to destination register is 2.492 ns
        Info: 1: + IC(0.000 ns) + CELL(0.854 ns) = 0.854 ns; Loc. = PIN_N20; Fanout = 1; CLK Node = 'clk'
        Info: 2: + IC(0.343 ns) + CELL(0.000 ns) = 1.197 ns; Loc. = CLKCTRL_G3; Fanout = 2; COMB Node = 'clk~clkctrl'
        Info: 3: + IC(0.677 ns) + CELL(0.618 ns) = 2.492 ns; Loc. = LCFF_X23_Y1_N21; Fanout = 4; REG Node = 'flip_flop_d:ff0|q'
        Info: Total cell delay = 1.472 ns ( 59.07 % )
        Info: Total interconnect delay = 1.020 ns ( 40.93 % )
Info: tco from clock "clk" to destination pin "outaux[0]" through register "flip_flop_d:ff0|q" is 7.315 ns
    Info: + Longest clock path from clock "clk" to source register is 2.492 ns
        Info: 1: + IC(0.000 ns) + CELL(0.854 ns) = 0.854 ns; Loc. = PIN_N20; Fanout = 1; CLK Node = 'clk'
        Info: 2: + IC(0.343 ns) + CELL(0.000 ns) = 1.197 ns; Loc. = CLKCTRL_G3; Fanout = 2; COMB Node = 'clk~clkctrl'
        Info: 3: + IC(0.677 ns) + CELL(0.618 ns) = 2.492 ns; Loc. = LCFF_X23_Y1_N21; Fanout = 4; REG Node = 'flip_flop_d:ff0|q'
        Info: Total cell delay = 1.472 ns ( 59.07 % )
        Info: Total interconnect delay = 1.020 ns ( 40.93 % )
    Info: + Micro clock to output delay of source is 0.094 ns
    Info: + Longest register to pin delay is 4.729 ns
        Info: 1: + IC(0.000 ns) + CELL(0.000 ns) = 0.000 ns; Loc. = LCFF_X23_Y1_N21; Fanout = 4; REG Node = 'flip_flop_d:ff0|q'
        Info: 2: + IC(2.797 ns) + CELL(1.932 ns) = 4.729 ns; Loc. = PIN_G12; Fanout = 0; PIN Node = 'outaux[0]'
        Info: Total cell delay = 1.932 ns ( 40.85 % )
        Info: Total interconnect delay = 2.797 ns ( 59.15 % )
Info: Longest tpd from source pin "S3" to destination pin "clc" is 8.485 ns
    Info: 1: + IC(0.000 ns) + CELL(0.799 ns) = 0.799 ns; Loc. = PIN_W10; Fanout = 3; PIN Node = 'S3'
    Info: 2: + IC(3.791 ns) + CELL(0.378 ns) = 4.968 ns; Loc. = LCCOMB_X23_Y1_N24; Fanout = 1; COMB Node = 'clc~0'
    Info: 3: + IC(1.363 ns) + CELL(2.154 ns) = 8.485 ns; Loc. = PIN_W1; Fanout = 0; PIN Node = 'clc'
    Info: Total cell delay = 3.331 ns ( 39.26 % )
    Info: Total interconnect delay = 5.154 ns ( 60.74 % )
Info: th for register "flip_flop_d:ff1|q" (data pin = "S3", clock pin = "clk") is -2.359 ns
    Info: + Longest clock path from clock "clk" to destination register is 2.492 ns
        Info: 1: + IC(0.000 ns) + CELL(0.854 ns) = 0.854 ns; Loc. = PIN_N20; Fanout = 1; CLK Node = 'clk'
        Info: 2: + IC(0.343 ns) + CELL(0.000 ns) = 1.197 ns; Loc. = CLKCTRL_G3; Fanout = 2; COMB Node = 'clk~clkctrl'
        Info: 3: + IC(0.677 ns) + CELL(0.618 ns) = 2.492 ns; Loc. = LCFF_X23_Y1_N1; Fanout = 5; REG Node = 'flip_flop_d:ff1|q'
        Info: Total cell delay = 1.472 ns ( 59.07 % )
        Info: Total interconnect delay = 1.020 ns ( 40.93 % )
    Info: + Micro hold delay of destination is 0.149 ns
    Info: - Shortest pin to register delay is 5.000 ns
        Info: 1: + IC(0.000 ns) + CELL(0.799 ns) = 0.799 ns; Loc. = PIN_W10; Fanout = 3; PIN Node = 'S3'
        Info: 2: + IC(3.774 ns) + CELL(0.272 ns) = 4.845 ns; Loc. = LCCOMB_X23_Y1_N0; Fanout = 1; COMB Node = 'd1~0'
        Info: 3: + IC(0.000 ns) + CELL(0.155 ns) = 5.000 ns; Loc. = LCFF_X23_Y1_N1; Fanout = 5; REG Node = 'flip_flop_d:ff1|q'
        Info: Total cell delay = 1.226 ns ( 24.52 % )
        Info: Total interconnect delay = 3.774 ns ( 75.48 % )
Info: Quartus II Classic Timing Analyzer was successful. 0 errors, 1 warning
    Info: Peak virtual memory: 189 megabytes
    Info: Processing ended: Sat Jun 04 01:21:05 2016
    Info: Elapsed time: 00:00:00
    Info: Total CPU time (on all processors): 00:00:00


